2017-03-12 15:42:50,522|INFO|Thread-8|views.py:42| - user: root login
2017-03-12 15:42:50,640|INFO|Thread-9|models.py:50| - no region info found. include None, exclude: ['cn-north-1']
2017-03-12 15:45:43,553|INFO|Thread-27|models.py:50| - no region info found. include None, exclude: ['cn-north-1']
2017-03-12 15:46:07,161|INFO|Thread-33|models.py:50| - no region info found. include None, exclude: ['cn-north-1']
2017-03-12 16:45:42,148|INFO|Thread-41|views.py:42| - user: root login
2017-03-12 16:45:42,285|INFO|Thread-42|models.py:50| - no region info found. include None, exclude: ['cn-north-1']
2017-03-12 16:46:42,487|INFO|Thread-43|models.py:50| - no region info found. include None, exclude: ['cn-north-1']
2017-03-12 16:46:58,055|INFO|Thread-44|models.py:50| - no region info found. include None, exclude: ['cn-north-1']
2017-03-12 16:49:03,576|INFO|Thread-45|models.py:50| - no region info found. include None, exclude: ['cn-north-1']
2017-03-12 17:33:37,237|INFO|Thread-28|models.py:42| - no region info found. include None, exclude: ['cn-north-1']
2017-03-12 17:36:31,150|INFO|Thread-34|models.py:42| - no region info found. include None, exclude: ['cn-north-1']
2017-03-12 17:36:52,835|INFO|Thread-36|models.py:42| - no region info found. include None, exclude: ['cn-north-1']
2017-03-12 17:42:44,788|INFO|Thread-1|models.py:42| - no region info found. include None, exclude: ['cn-north-1']
2017-03-12 17:42:51,710|DEBUG|Thread-3|views.py:62| - thers are 108 ec2, 8 elb, 125 ami
2017-03-12 17:43:08,506|INFO|Thread-4|models.py:42| - no region info found. include None, exclude: ['cn-north-1']
2017-03-12 17:43:13,720|DEBUG|Thread-5|views.py:62| - thers are 108 ec2, 8 elb, 125 ami
2017-03-12 17:44:18,252|INFO|Thread-6|models.py:42| - no region info found. include None, exclude: ['cn-north-1']
2017-03-12 17:44:57,657|INFO|Thread-7|models.py:42| - no region info found. include None, exclude: ['cn-north-1']
2017-03-12 17:45:04,171|DEBUG|Thread-8|views.py:62| - thers are 108 ec2, 8 elb, 125 ami
2017-03-12 17:51:40,953|INFO|Thread-9|models.py:42| - no region info found. include None, exclude: ['cn-north-1']
2017-03-12 17:51:46,839|DEBUG|Thread-10|views.py:62| - thers are 108 ec2, 8 elb, 125 ami
2017-03-12 17:52:14,959|INFO|Thread-11|models.py:42| - no region info found. include None, exclude: ['cn-north-1']
2017-03-12 17:52:20,351|DEBUG|Thread-12|views.py:62| - thers are 108 ec2, 8 elb, 125 ami
2017-03-12 17:52:45,157|INFO|Thread-13|models.py:42| - no region info found. include None, exclude: ['cn-north-1']
2017-03-12 17:52:50,348|DEBUG|Thread-14|views.py:62| - thers are 108 ec2, 8 elb, 125 ami
2017-03-12 17:53:14,496|INFO|Thread-15|models.py:42| - no region info found. include None, exclude: ['cn-north-1']
2017-03-12 17:53:19,944|DEBUG|Thread-16|views.py:62| - thers are 108 ec2, 8 elb, 125 ami
2017-03-12 18:20:51,732|INFO|Thread-1|models.py:42| - no region info found. include None, exclude: ['cn-north-1']
2017-03-12 18:21:01,625|DEBUG|Thread-17|views.py:63| - thers are 108 ec2, 8 elb, 125 ami
2017-03-12 18:21:40,015|INFO|Thread-19|models.py:42| - no region info found. include None, exclude: ['cn-north-1']
2017-03-12 18:21:45,447|DEBUG|Thread-21|views.py:63| - thers are 108 ec2, 8 elb, 125 ami
2017-03-12 20:46:43,573|INFO|Thread-1|models.py:42| - no region info found. include None, exclude: ['cn-north-1']
2017-03-12 20:46:52,411|DEBUG|Thread-9|views.py:64| - thers are 108 ec2, 8 elb, 125 ami
2017-03-12 20:50:42,381|INFO|Thread-1|models.py:42| - no region info found. include None, exclude: ['cn-north-1']
2017-03-12 20:50:49,517|DEBUG|Thread-4|views.py:64| - thers are 108 ec2, 8 elb, 125 ami
2017-03-12 20:55:10,599|INFO|Thread-8|models.py:42| - no region info found. include None, exclude: ['cn-north-1']
2017-03-12 20:55:17,752|DEBUG|Thread-10|views.py:64| - thers are 108 ec2, 8 elb, 125 ami
2017-03-12 21:01:40,555|INFO|Thread-1|models.py:42| - no region info found. include None, exclude: ['cn-north-1']
2017-03-12 21:01:40,796|DEBUG|Thread-3|models.py:54| - module infos without operations: {'module_type': u'standard', 'user': u'root', 'current_version': u'1.0.0', 'module_name': u'device', 'update_version': u'1.0.1', u'id': 3L, 'order': -1L}
2017-03-12 21:01:40,798|DEBUG|Thread-3|models.py:69| - module device to dict: {"module_type": "standard", "user": "root", "current_version": "1.0.0", "module_name": "device", "operation": "<button class=\"btn btn-info btn-xs\" onclick=\"showLaunchParams('device')\">\n                            <span class=\"fa fa-eye\">\n                                view\n                            </span>\n                        </button>\n                    <button class=\"btn btn-primary btn-xs\" onclick=\"modifyLaunchParams('device')\">\n                                    <span class=\"fa fa-pencil\">\n                                        modify\n                                    </span>\n                                </button>\n                         ", "update_version": "1.0.1", "id": 3, "order": -1}
2017-03-12 21:01:47,779|DEBUG|Thread-4|views.py:64| - thers are 108 ec2, 8 elb, 125 ami
2017-03-12 21:08:02,775|INFO|Thread-1|models.py:42| - no region info found. include None, exclude: ['cn-north-1']
2017-03-12 21:08:03,405|DEBUG|Thread-3|models.py:54| - module infos without operations: {'regions': u'cn1', 'module_type': u'standard', 'user': u'root', 'current_version': u'1.0.0', 'module_name': u'device', 'update_version': u'1.0.1', u'id': 3L, 'order': -1L}
2017-03-12 21:08:03,405|DEBUG|Thread-3|models.py:69| - module device to dict: {"regions": "cn1", "module_type": "standard", "user": "root", "current_version": "1.0.0", "module_name": "device", "operation": "<button class=\"btn btn-info btn-xs\" onclick=\"showLaunchParams('device')\">\n                            <span class=\"fa fa-eye\">\n                                view\n                            </span>\n                        </button>\n                    <button class=\"btn btn-primary btn-xs\" onclick=\"modifyLaunchParams('device')\">\n                                    <span class=\"fa fa-pencil\">\n                                        modify\n                                    </span>\n                                </button>\n                         ", "update_version": "1.0.1", "id": 3, "order": -1}
2017-03-12 21:08:10,341|DEBUG|Thread-4|views.py:64| - thers are 108 ec2, 8 elb, 125 ami
2017-03-12 21:08:42,223|INFO|Thread-11|models.py:42| - no region info found. include None, exclude: ['cn-north-1']
2017-03-12 21:08:42,411|DEBUG|Thread-12|models.py:54| - module infos without operations: {'regions': u'cn1', 'module_type': u'standard', 'user': u'root', 'current_version': u'1.0.0', 'module_name': u'device', 'update_version': u'1.0.1', u'id': 3L, 'order': -1L}
2017-03-12 21:08:42,411|DEBUG|Thread-12|models.py:69| - module device to dict: {"regions": "cn1", "module_type": "standard", "user": "root", "current_version": "1.0.0", "module_name": "device", "operation": "<button class=\"btn btn-info btn-xs\" onclick=\"showLaunchParams('device')\">\n                            <span class=\"fa fa-eye\">\n                                view\n                            </span>\n                        </button>\n                    <button class=\"btn btn-primary btn-xs\" onclick=\"modifyLaunchParams('device')\">\n                                    <span class=\"fa fa-pencil\">\n                                        modify\n                                    </span>\n                                </button>\n                         ", "update_version": "1.0.1", "id": 3, "order": -1}
2017-03-12 21:08:47,180|DEBUG|Thread-13|views.py:64| - thers are 108 ec2, 8 elb, 125 ami
2017-03-12 21:08:59,203|INFO|Thread-17|models.py:42| - no region info found. include None, exclude: ['cn-north-1']
2017-03-12 21:08:59,618|DEBUG|Thread-18|models.py:54| - module infos without operations: {'regions': u'cn1', 'module_type': u'standard', 'user': u'root', 'current_version': u'1.0.0', 'module_name': u'device', 'update_version': u'1.0.1', u'id': 3L, 'order': -1L}
2017-03-12 21:08:59,619|DEBUG|Thread-18|models.py:69| - module device to dict: {"regions": "cn1", "module_type": "standard", "user": "root", "current_version": "1.0.0", "module_name": "device", "operation": "<button class=\"btn btn-info btn-xs\" onclick=\"showLaunchParams('device')\">\n                            <span class=\"fa fa-eye\">\n                                view\n                            </span>\n                        </button>\n                    <button class=\"btn btn-primary btn-xs\" onclick=\"modifyLaunchParams('device')\">\n                                    <span class=\"fa fa-pencil\">\n                                        modify\n                                    </span>\n                                </button>\n                         ", "update_version": "1.0.1", "id": 3, "order": -1}
2017-03-12 21:09:04,397|DEBUG|Thread-19|views.py:64| - thers are 108 ec2, 8 elb, 125 ami
2017-03-12 21:09:24,711|INFO|Thread-20|models.py:42| - no region info found. include None, exclude: ['cn-north-1']
2017-03-12 21:09:25,234|DEBUG|Thread-21|models.py:54| - module infos without operations: {'regions': u'cn1', 'module_type': u'standard', 'user': u'root', 'current_version': u'1.0.0', 'module_name': u'device', 'update_version': u'1.0.1', u'id': 3L, 'order': -1L}
2017-03-12 21:09:25,236|DEBUG|Thread-21|models.py:69| - module device to dict: {"regions": "cn1", "module_type": "standard", "user": "root", "current_version": "1.0.0", "module_name": "device", "operation": "<button class=\"btn btn-info btn-xs\" onclick=\"showLaunchParams('device')\">\n                            <span class=\"fa fa-eye\">\n                                view\n                            </span>\n                        </button>\n                    <button class=\"btn btn-primary btn-xs\" onclick=\"modifyLaunchParams('device')\">\n                                    <span class=\"fa fa-pencil\">\n                                        modify\n                                    </span>\n                                </button>\n                         ", "update_version": "1.0.1", "id": 3, "order": -1}
2017-03-12 21:09:30,088|DEBUG|Thread-22|views.py:64| - thers are 108 ec2, 8 elb, 125 ami
2017-03-12 21:10:38,631|INFO|Thread-31|models.py:42| - no region info found. include None, exclude: ['cn-north-1']
2017-03-12 21:10:39,345|DEBUG|Thread-32|models.py:54| - module infos without operations: {'regions': u'cn1', 'module_type': u'standard', 'user': u'root', 'current_version': u'1.0.0', 'module_name': u'device', 'update_version': u'1.0.1', u'id': 3L, 'order': -1L}
2017-03-12 21:10:39,345|DEBUG|Thread-32|models.py:69| - module device to dict: {"regions": "cn1", "module_type": "standard", "user": "root", "current_version": "1.0.0", "module_name": "device", "operation": "<button class=\"btn btn-info btn-xs\" onclick=\"showLaunchParams('device')\">\n                            <span class=\"fa fa-eye\">\n                                view\n                            </span>\n                        </button>\n                    <button class=\"btn btn-primary btn-xs\" onclick=\"modifyLaunchParams('device')\">\n                                    <span class=\"fa fa-pencil\">\n                                        modify\n                                    </span>\n                                </button>\n                         ", "update_version": "1.0.1", "id": 3, "order": -1}
2017-03-12 21:10:44,322|DEBUG|Thread-33|views.py:64| - thers are 108 ec2, 8 elb, 125 ami
